[0m05:30:00.637914 [debug] [MainThread]: Sending event: {'category': 'dbt', 'action': 'invocation', 'label': 'start', 'context': [<snowplow_tracker.self_describing_json.SelfDescribingJson object at 0x7fc0911fde70>, <snowplow_tracker.self_describing_json.SelfDescribingJson object at 0x7fc08f604880>, <snowplow_tracker.self_describing_json.SelfDescribingJson object at 0x7fc08f604820>]}


============================== 05:30:00.642913 | a5a009e9-ecc3-4c2f-b63d-6652c1958fff ==============================
[0m05:30:00.642913 [info ] [MainThread]: Running with dbt=1.7.9
[0m05:30:00.645547 [debug] [MainThread]: running dbt with arguments {'printer_width': '80', 'indirect_selection': 'eager', 'write_json': 'True', 'log_cache_events': 'False', 'partial_parse': 'True', 'cache_selected_only': 'False', 'profiles_dir': '/root/.dbt', 'fail_fast': 'False', 'debug': 'False', 'log_path': 'logs', 'version_check': 'True', 'warn_error': 'None', 'use_colors': 'True', 'use_experimental_parser': 'False', 'no_print': 'None', 'quiet': 'False', 'warn_error_options': 'WarnErrorOptions(include=[], exclude=[])', 'introspect': 'True', 'log_format': 'default', 'invocation_command': 'dbt init shop', 'target_path': 'None', 'static_parser': 'True', 'send_anonymous_usage_stats': 'True'}
[0m05:30:00.647970 [warn ] [MainThread]: [ConfigFolderDirectory]: Unable to parse dict {'dir': PosixPath('/root/.dbt')}
[0m05:30:00.650108 [info ] [MainThread]: Creating dbt configuration folder at 
[0m05:30:00.654533 [debug] [MainThread]: Starter project path: /usr/local/lib/python3.10/dist-packages/dbt/include/starter_project
[0m05:30:00.807486 [info ] [MainThread]: 
Your new dbt project "shop" was created!

For more information on how to configure the profiles.yml file,
please consult the dbt documentation here:

  https://docs.getdbt.com/docs/configure-your-profile

One more thing:

Need help? Don't hesitate to reach out to us via GitHub issues or on Slack:

  https://community.getdbt.com/

Happy modeling!

[0m05:30:00.810087 [info ] [MainThread]: Setting up your profile.
[0m05:30:04.734412 [info ] [MainThread]: Profile shop written to /root/.dbt/profiles.yml using target's sample configuration. Once updated, you'll be able to start developing with dbt.
[0m05:30:04.737852 [debug] [MainThread]: Resource report: {"command_name": "init", "command_success": true, "command_wall_clock_time": 4.10886, "process_user_time": 2.261581, "process_kernel_time": 0.090948, "process_mem_max_rss": "112936", "process_in_blocks": "40", "process_out_blocks": "8"}
[0m05:30:04.740472 [debug] [MainThread]: Command `dbt init` succeeded at 05:30:04.740309 after 4.11 seconds
[0m05:30:04.743065 [debug] [MainThread]: Sending event: {'category': 'dbt', 'action': 'invocation', 'label': 'end', 'context': [<snowplow_tracker.self_describing_json.SelfDescribingJson object at 0x7fc0911fde70>, <snowplow_tracker.self_describing_json.SelfDescribingJson object at 0x7fc09356ae90>, <snowplow_tracker.self_describing_json.SelfDescribingJson object at 0x7fc08f6049d0>]}
[0m05:30:04.745497 [debug] [MainThread]: Flushing usage events
